<?xml version="1.0" encoding="UTF-8"?>
  <testsuite name="RouterBroker Suite" tests="3" failures="0" errors="0" time="0">
      <testcase name="RouterBrokerDeployment Validate Auto-Links" classname="RouterBroker Suite" time="1.9774e-05"></testcase>
      <testcase name="RouterBrokerDeployment Validate Link-Routes" classname="RouterBroker Suite" time="1.2827e-05"></testcase>
      <testcase name="RouterBrokerDeployment Deploys one interior router and one broker" classname="RouterBroker Suite" time="1.5869e-05"></testcase>
  </testsuite>